D:\RODY\STUDY\CMP 1ST YEAR\PROJECTS C++\DATA STRUCTURE\GRAPHADT\GRAPHADT\DEBUG\LINKEDQUEUE.OBJ
D:\RODY\STUDY\CMP 1ST YEAR\PROJECTS C++\DATA STRUCTURE\GRAPHADT\GRAPHADT\DEBUG\LINKEDSTACK.OBJ
D:\RODY\STUDY\CMP 1ST YEAR\PROJECTS C++\DATA STRUCTURE\GRAPHADT\GRAPHADT\DEBUG\NODE.OBJ
D:\RODY\STUDY\CMP 1ST YEAR\PROJECTS C++\DATA STRUCTURE\GRAPHADT\GRAPHADT\DEBUG\EDGE.OBJ
D:\RODY\STUDY\CMP 1ST YEAR\PROJECTS C++\DATA STRUCTURE\GRAPHADT\GRAPHADT\DEBUG\GRAPH.OBJ
D:\RODY\STUDY\CMP 1ST YEAR\PROJECTS C++\DATA STRUCTURE\GRAPHADT\GRAPHADT\DEBUG\GRAPHTESTER.OBJ
D:\RODY\STUDY\CMP 1ST YEAR\PROJECTS C++\DATA STRUCTURE\GRAPHADT\GRAPHADT\DEBUG\VERTEX.OBJ
D:\RODY\STUDY\CMP 1ST YEAR\PROJECTS C++\DATA STRUCTURE\GRAPHADT\GRAPHADT\DEBUG\VC110.PDB
D:\RODY\STUDY\CMP 1ST YEAR\PROJECTS C++\DATA STRUCTURE\GRAPHADT\DEBUG\GRAPHADT.ILK
D:\RODY\STUDY\CMP 1ST YEAR\PROJECTS C++\DATA STRUCTURE\GRAPHADT\DEBUG\GRAPHADT.EXE
D:\RODY\STUDY\CMP 1ST YEAR\PROJECTS C++\DATA STRUCTURE\GRAPHADT\DEBUG\GRAPHADT.PDB
D:\RODY\Study\CMP 1st Year\Projects C++\Data Structure\GraphADT\GraphADT\Debug\Edge.obj
D:\RODY\Study\CMP 1st Year\Projects C++\Data Structure\GraphADT\GraphADT\Debug\Graph.obj
D:\RODY\Study\CMP 1st Year\Projects C++\Data Structure\GraphADT\GraphADT\Debug\GraphTester.obj
D:\RODY\Study\CMP 1st Year\Projects C++\Data Structure\GraphADT\GraphADT\Debug\LinkedQueue.obj
D:\RODY\Study\CMP 1st Year\Projects C++\Data Structure\GraphADT\GraphADT\Debug\LinkedStack.obj
D:\RODY\Study\CMP 1st Year\Projects C++\Data Structure\GraphADT\GraphADT\Debug\Node.obj
D:\RODY\Study\CMP 1st Year\Projects C++\Data Structure\GraphADT\GraphADT\Debug\Vertex.obj
D:\RODY\Study\CMP 1st Year\Projects C++\Data Structure\GraphADT\GraphADT\Debug\cl.command.1.tlog
D:\RODY\Study\CMP 1st Year\Projects C++\Data Structure\GraphADT\GraphADT\Debug\CL.read.1.tlog
D:\RODY\Study\CMP 1st Year\Projects C++\Data Structure\GraphADT\GraphADT\Debug\CL.write.1.tlog
D:\RODY\Study\CMP 1st Year\Projects C++\Data Structure\GraphADT\GraphADT\Debug\link-cvtres.read.1.tlog
D:\RODY\Study\CMP 1st Year\Projects C++\Data Structure\GraphADT\GraphADT\Debug\link-cvtres.write.1.tlog
D:\RODY\Study\CMP 1st Year\Projects C++\Data Structure\GraphADT\GraphADT\Debug\link-rc.read.1.tlog
D:\RODY\Study\CMP 1st Year\Projects C++\Data Structure\GraphADT\GraphADT\Debug\link-rc.write.1.tlog
D:\RODY\Study\CMP 1st Year\Projects C++\Data Structure\GraphADT\GraphADT\Debug\link.command.1.tlog
D:\RODY\Study\CMP 1st Year\Projects C++\Data Structure\GraphADT\GraphADT\Debug\link.read.1.tlog
D:\RODY\Study\CMP 1st Year\Projects C++\Data Structure\GraphADT\GraphADT\Debug\link.write.1.tlog
D:\RODY\Study\CMP 1st Year\Projects C++\Data Structure\GraphADT\GraphADT\Debug\vc110.idb
D:\RODY\Study\CMP 1st Year\Projects C++\Data Structure\GraphADT\GraphADT\Debug\vc110.pdb
D:\RODY\Study\CMP 1st Year\Projects C++\Data Structure\GraphADT\Debug\GraphADT.pdb
D:\RODY\Study\CMP 1st Year\Projects C++\Data Structure\GraphADT\Debug\GraphADT.exe
D:\RODY\Study\CMP 1st Year\Projects C++\Data Structure\GraphADT\Debug\GraphADT.ilk
